<?xml version="1.0" encoding="UTF-8"?>
<testng-results ignored="0" total="1" passed="1" failed="0" skipped="0">
  <reporter-output>
  </reporter-output>
  <suite started-at="2021-12-17T10:20:14 IST" name="Default suite" finished-at="2021-12-17T10:20:22 IST" duration-ms="8559">
    <groups>
    </groups>
    <test started-at="2021-12-17T10:20:14 IST" name="Default test" finished-at="2021-12-17T10:20:22 IST" duration-ms="8559">
      <class name="baseatest.baseutlie">
        <test-method is-config="true" signature="connectdbs()[pri:0, instance:baseatest.baseutlie@4803b726]" started-at="2021-12-17T10:20:12 IST" name="connectdbs" finished-at="2021-12-17T10:20:14 IST" duration-ms="1966" status="PASS">
          <reporter-output>
          </reporter-output>
        </test-method> <!-- connectdbs -->
        <test-method signature="endToEndScenario()[pri:0, instance:baseatest.baseutlie@4803b726]" started-at="2021-12-17T10:20:14 IST" name="endToEndScenario" finished-at="2021-12-17T10:20:22 IST" duration-ms="8450" status="PASS">
          <reporter-output>
          </reporter-output>
        </test-method> <!-- endToEndScenario -->
        <test-method is-config="true" signature="disconnectdbs()[pri:0, instance:baseatest.baseutlie@4803b726]" started-at="2021-12-17T10:20:23 IST" name="disconnectdbs" finished-at="2021-12-17T10:20:23 IST" duration-ms="5" status="PASS">
          <reporter-output>
          </reporter-output>
        </test-method> <!-- disconnectdbs -->
      </class> <!-- baseatest.baseutlie -->
    </test> <!-- Default test -->
  </suite> <!-- Default suite -->
</testng-results>
